[2020-07-30 17:03:05] local.ERROR: mb_strpos() expects parameter 1 to be string, object given {"exception":"[object] (ErrorException(code: 0): mb_strpos() expects parameter 1 to be string, object given at /home/nagninimeta/Documents/PROJET/laravel/investmentProject/vendor/laravel/framework/src/Illuminate/Support/Str.php:177)
[stacktrace]
#0 [internal function]: Illuminate\\Foundation\\Bootstrap\\HandleExceptions->handleError()
#1 /home/nagninimeta/Documents/PROJET/laravel/investmentProject/vendor/laravel/framework/src/Illuminate/Support/Str.php(177): mb_strpos()
#2 /home/nagninimeta/Documents/PROJET/laravel/investmentProject/vendor/laravel/framework/src/Illuminate/Translation/Translator.php(411): Illuminate\\Support\\Str::contains()
#3 /home/nagninimeta/Documents/PROJET/laravel/investmentProject/vendor/laravel/framework/src/Illuminate/Translation/Translator.php(65): Illuminate\\Translation\\Translator->setLocale()
#4 /home/nagninimeta/Documents/PROJET/laravel/investmentProject/vendor/laravel/framework/src/Illuminate/Translation/TranslationServiceProvider.php(27): Illuminate\\Translation\\Translator->__construct()
#5 /home/nagninimeta/Documents/PROJET/laravel/investmentProject/vendor/laravel/framework/src/Illuminate/Container/Container.php(805): Illuminate\\Translation\\TranslationServiceProvider->Illuminate\\Translation\\{closure}()
#6 /home/nagninimeta/Documents/PROJET/laravel/investmentProject/vendor/laravel/framework/src/Illuminate/Container/Container.php(691): Illuminate\\Container\\Container->build()
#7 /home/nagninimeta/Documents/PROJET/laravel/investmentProject/vendor/laravel/framework/src/Illuminate/Foundation/Application.php(796): Illuminate\\Container\\Container->resolve()
#8 /home/nagninimeta/Documents/PROJET/laravel/investmentProject/vendor/laravel/framework/src/Illuminate/Container/Container.php(637): Illuminate\\Foundation\\Application->resolve()
#9 /home/nagninimeta/Documents/PROJET/laravel/investmentProject/vendor/laravel/framework/src/Illuminate/Foundation/Application.php(781): Illuminate\\Container\\Container->make()
#10 /home/nagninimeta/Documents/PROJET/laravel/investmentProject/vendor/laravel/framework/src/Illuminate/Container/Container.php(1284): Illuminate\\Foundation\\Application->make()
#11 /home/nagninimeta/Documents/PROJET/laravel/investmentProject/vendor/laravel/framework/src/Illuminate/Foundation/Application.php(1200): Illuminate\\Container\\Container->offsetGet()
#12 /home/nagninimeta/Documents/PROJET/laravel/investmentProject/vendor/laravel/framework/src/Illuminate/Support/Facades/Facade.php(261): Illuminate\\Foundation\\Application->setLocale()
#13 /home/nagninimeta/Documents/PROJET/laravel/investmentProject/routes/web.php(40): Illuminate\\Support\\Facades\\Facade::__callStatic()
#14 /home/nagninimeta/Documents/PROJET/laravel/investmentProject/vendor/laravel/framework/src/Illuminate/Routing/Router.php(415): Illuminate\\Routing\\RouteFileRegistrar->{closure}()
#15 /home/nagninimeta/Documents/PROJET/laravel/investmentProject/vendor/laravel/framework/src/Illuminate/Routing/Router.php(374): Illuminate\\Routing\\Router->loadRoutes()
#16 /home/nagninimeta/Documents/PROJET/laravel/investmentProject/vendor/laravel/framework/src/Illuminate/Support/Facades/Facade.php(261): Illuminate\\Routing\\Router->group()
#17 /home/nagninimeta/Documents/PROJET/laravel/investmentProject/routes/web.php(44): Illuminate\\Support\\Facades\\Facade::__callStatic()
#18 /home/nagninimeta/Documents/PROJET/laravel/investmentProject/vendor/laravel/framework/src/Illuminate/Routing/RouteFileRegistrar.php(35): require('/home/nagninime...')
#19 /home/nagninimeta/Documents/PROJET/laravel/investmentProject/vendor/laravel/framework/src/Illuminate/Routing/Router.php(417): Illuminate\\Routing\\RouteFileRegistrar->register()
#20 /home/nagninimeta/Documents/PROJET/laravel/investmentProject/vendor/laravel/framework/src/Illuminate/Routing/Router.php(374): Illuminate\\Routing\\Router->loadRoutes()
#21 /home/nagninimeta/Documents/PROJET/laravel/investmentProject/vendor/laravel/framework/src/Illuminate/Routing/RouteRegistrar.php(134): Illuminate\\Routing\\Router->group()
#22 /home/nagninimeta/Documents/PROJET/laravel/investmentProject/app/Providers/RouteServiceProvider.php(63): Illuminate\\Routing\\RouteRegistrar->group()
#23 /home/nagninimeta/Documents/PROJET/laravel/investmentProject/app/Providers/RouteServiceProvider.php(47): App\\Providers\\RouteServiceProvider->mapWebRoutes()
#24 [internal function]: App\\Providers\\RouteServiceProvider->map()
#25 /home/nagninimeta/Documents/PROJET/laravel/investmentProject/vendor/laravel/framework/src/Illuminate/Container/BoundMethod.php(37): call_user_func_array()
#26 /home/nagninimeta/Documents/PROJET/laravel/investmentProject/vendor/laravel/framework/src/Illuminate/Container/Util.php(37): Illuminate\\Container\\BoundMethod::Illuminate\\Container\\{closure}()
#27 /home/nagninimeta/Documents/PROJET/laravel/investmentProject/vendor/laravel/framework/src/Illuminate/Container/BoundMethod.php(95): Illuminate\\Container\\Util::unwrapIfClosure()
#28 /home/nagninimeta/Documents/PROJET/laravel/investmentProject/vendor/laravel/framework/src/Illuminate/Container/BoundMethod.php(39): Illuminate\\Container\\BoundMethod::callBoundMethod()
#29 /home/nagninimeta/Documents/PROJET/laravel/investmentProject/vendor/laravel/framework/src/Illuminate/Container/Container.php(596): Illuminate\\Container\\BoundMethod::call()
#30 /home/nagninimeta/Documents/PROJET/laravel/investmentProject/vendor/laravel/framework/src/Illuminate/Foundation/Support/Providers/RouteServiceProvider.php(87): Illuminate\\Container\\Container->call()
#31 /home/nagninimeta/Documents/PROJET/laravel/investmentProject/vendor/laravel/framework/src/Illuminate/Foundation/Support/Providers/RouteServiceProvider.php(36): Illuminate\\Foundation\\Support\\Providers\\RouteServiceProvider->loadRoutes()
#32 /home/nagninimeta/Documents/PROJET/laravel/investmentProject/app/Providers/RouteServiceProvider.php(35): Illuminate\\Foundation\\Support\\Providers\\RouteServiceProvider->boot()
#33 [internal function]: App\\Providers\\RouteServiceProvider->boot()
#34 /home/nagninimeta/Documents/PROJET/laravel/investmentProject/vendor/laravel/framework/src/Illuminate/Container/BoundMethod.php(37): call_user_func_array()
#35 /home/nagninimeta/Documents/PROJET/laravel/investmentProject/vendor/laravel/framework/src/Illuminate/Container/Util.php(37): Illuminate\\Container\\BoundMethod::Illuminate\\Container\\{closure}()
#36 /home/nagninimeta/Documents/PROJET/laravel/investmentProject/vendor/laravel/framework/src/Illuminate/Container/BoundMethod.php(95): Illuminate\\Container\\Util::unwrapIfClosure()
#37 /home/nagninimeta/Documents/PROJET/laravel/investmentProject/vendor/laravel/framework/src/Illuminate/Container/BoundMethod.php(39): Illuminate\\Container\\BoundMethod::callBoundMethod()
#38 /home/nagninimeta/Documents/PROJET/laravel/investmentProject/vendor/laravel/framework/src/Illuminate/Container/Container.php(596): Illuminate\\Container\\BoundMethod::call()
#39 /home/nagninimeta/Documents/PROJET/laravel/investmentProject/vendor/laravel/framework/src/Illuminate/Foundation/Application.php(867): Illuminate\\Container\\Container->call()
#40 /home/nagninimeta/Documents/PROJET/laravel/investmentProject/vendor/laravel/framework/src/Illuminate/Foundation/Application.php(850): Illuminate\\Foundation\\Application->bootProvider()
#41 [internal function]: Illuminate\\Foundation\\Application->Illuminate\\Foundation\\{closure}()
#42 /home/nagninimeta/Documents/PROJET/laravel/investmentProject/vendor/laravel/framework/src/Illuminate/Foundation/Application.php(851): array_walk()
#43 /home/nagninimeta/Documents/PROJET/laravel/investmentProject/vendor/laravel/framework/src/Illuminate/Foundation/Bootstrap/BootProviders.php(17): Illuminate\\Foundation\\Application->boot()
#44 /home/nagninimeta/Documents/PROJET/laravel/investmentProject/vendor/laravel/framework/src/Illuminate/Foundation/Application.php(230): Illuminate\\Foundation\\Bootstrap\\BootProviders->bootstrap()
#45 /home/nagninimeta/Documents/PROJET/laravel/investmentProject/vendor/laravel/framework/src/Illuminate/Foundation/Http/Kernel.php(151): Illuminate\\Foundation\\Application->bootstrapWith()
#46 /home/nagninimeta/Documents/PROJET/laravel/investmentProject/vendor/laravel/framework/src/Illuminate/Foundation/Http/Kernel.php(135): Illuminate\\Foundation\\Http\\Kernel->bootstrap()
#47 /home/nagninimeta/Documents/PROJET/laravel/investmentProject/vendor/laravel/framework/src/Illuminate/Foundation/Http/Kernel.php(109): Illuminate\\Foundation\\Http\\Kernel->sendRequestThroughRouter()
#48 /home/nagninimeta/Documents/PROJET/laravel/investmentProject/public/index.php(55): Illuminate\\Foundation\\Http\\Kernel->handle()
#49 /home/nagninimeta/Documents/PROJET/laravel/investmentProject/server.php(21): require_once('/home/nagninime...')
#50 {main}
"} 
